Added Component: Designator=C1(0603CAPC1608X09N)
Added Component: Designator=C2(0402CAPC1005X06N)
Added Component: Designator=C3(0402CAPC1005X06N)
Added Component: Designator=C4(0402CAPC1005X06N)
Added Component: Designator=C5(0402CAPC1005X06N)
Added Component: Designator=C6(0603CAPC1608X09N)
Added Component: Designator=C7(0603CAPC1608X09N)
Added Component: Designator=C8(0402CAPC1005X06N)
Added Component: Designator=C9(0402CAPC1005X06N)
Added Component: Designator=C10(0402CAPC1005X06N)
Added Component: Designator=C11(0402CAPC1005X06N)
Added Component: Designator=C12(0402CAPC1005X06N)
Added Component: Designator=C13(0402CAPC1005X06N)
Added Component: Designator=C14(0402CAPC1005X06N)
Added Component: Designator=C15(0603CAPC1608X09N)
Added Component: Designator=C16(0603CAPC1608X09N)
Added Component: Designator=C17(0402CAPC1005X06N)
Added Component: Designator=C18(0603CAPC1608X09N)
Added Component: Designator=C19(0402CAPC1005X06N)
Added Component: Designator=C20(0603CAPC1608X09N)
Added Component: Designator=C21(0603CAPC1608X09N)
Added Component: Designator=C22(0603CAPC1608X09N)
Added Component: Designator=C23(0402CAPC1005X06N)
Added Component: Designator=C24(0402CAPC1005X06N)
Added Component: Designator=C25(0402CAPC1005X06N)
Added Component: Designator=C26(0402CAPC1005X06N)
Added Component: Designator=C27(0402CAPC1005X06N)
Added Component: Designator=C28(0402CAPC1005X06N)
Added Component: Designator=C29(0402CAPC1005X06N)
Added Component: Designator=C30(0402CAPC1005X06N)
Added Component: Designator=C31(0402CAPC1005X06N)
Added Component: Designator=C32(0402CAPC1005X06N)
Added Component: Designator=C33(0402CAPC1005X06N)
Added Component: Designator=C34(0402CAPC1005X06N)
Added Component: Designator=C35(0402CAPC1005X06N)
Added Component: Designator=C36(0402CAPC1005X06N)
Added Component: Designator=C37(0603CAPC1608X09N)
Added Component: Designator=C38(0402CAPC1005X06N)
Added Component: Designator=CM1(SMD_4P)
Added Component: Designator=CM2(SMD_4P)
Added Component: Designator=CM3(SMD_4P)
Added Component: Designator=FB1(0805FB)
Added Component: Designator=FB2(0805FB)
Added Component: Designator=FB3(0805FB)
Added Component: Designator=J1(IPEX)
Added Component: Designator=L2(0402RESC1005X04N)
Added Component: Designator=LED1(0603LEDC1608X04N)
Added Component: Designator=LED2(0603LEDC1608X04N)
Added Component: Designator=LED3(0603LEDC1608X04N)
Added Component: Designator=LED4(0603LEDC1608X04N)
Added Component: Designator=R1(0402RESC1005X04N)
Added Component: Designator=R2(0402RESC1005X04N)
Added Component: Designator=R3(0402RESC1005X04N)
Added Component: Designator=R4(0402RESC1005X04N)
Added Component: Designator=R5(0402RESC1005X04N)
Added Component: Designator=R6(0402RESC1005X04N)
Added Component: Designator=R7(0402RESC1005X04N)
Added Component: Designator=R8(0402RESC1005X04N)
Added Component: Designator=R9(0402RESC1005X04N)
Added Component: Designator=R10(0603R)
Added Component: Designator=R11(0603R)
Added Component: Designator=R12(0402RESC1005X04N)
Added Component: Designator=R13(0402RESC1005X04N)
Added Component: Designator=R14(0402RESC1005X04N)
Added Component: Designator=U1(MSOP-8)
Added Component: Designator=U2(QFN-28)
Added Component: Designator=U3(QFN-76)
Added Component: Designator=U4(MSOP-8)
Added Component: Designator=U5(MSOP-8)
Added Component: Designator=U6(SOT230P700X180-4N)
Added Component: Designator=U7(UM220)
Added Component: Designator=UPPORT1(USB3.0-G)
Added Component: Designator=X1(CPX-32)
Added Pin To Net: NetName=3.3V Pin=C1-2
Added Pin To Net: NetName=3.3V Pin=R1-1
Added Pin To Net: NetName=3.3V Pin=U2-6
Added Net: Name=3.3V
Added Pin To Net: NetName=AMBER1 Pin=LED2-K
Added Pin To Net: NetName=AMBER1 Pin=U3-75
Added Net: Name=AMBER1
Added Pin To Net: NetName=AMBER2 Pin=LED4-K
Added Pin To Net: NetName=AMBER2 Pin=U3-30
Added Net: Name=AMBER2
Added Pin To Net: NetName=AVDD33 Pin=C22-2
Added Pin To Net: NetName=AVDD33 Pin=C29-2
Added Pin To Net: NetName=AVDD33 Pin=C30-2
Added Pin To Net: NetName=AVDD33 Pin=C31-2
Added Pin To Net: NetName=AVDD33 Pin=C32-2
Added Pin To Net: NetName=AVDD33 Pin=C33-2
Added Pin To Net: NetName=AVDD33 Pin=U3-12
Added Pin To Net: NetName=AVDD33 Pin=U3-27
Added Pin To Net: NetName=AVDD33 Pin=U3-44
Added Pin To Net: NetName=AVDD33 Pin=U3-55
Added Pin To Net: NetName=AVDD33 Pin=U3-65
Added Pin To Net: NetName=AVDD33 Pin=U3-73
Added Net: Name=AVDD33
Added Pin To Net: NetName=DM0 Pin=U3-67
Added Pin To Net: NetName=DM0 Pin=U4-5
Added Pin To Net: NetName=DM0 Pin=UPPORT1-2
Added Net: Name=DM0
Added Pin To Net: NetName=DM1 Pin=U1-6
Added Pin To Net: NetName=DM1 Pin=U2-5
Added Pin To Net: NetName=DM1 Pin=U3-64
Added Net: Name=DM1
Added Pin To Net: NetName=DM2 Pin=U3-26
Added Pin To Net: NetName=DM2 Pin=U5-6
Added Net: Name=DM2
Added Pin To Net: NetName=DP0 Pin=U3-66
Added Pin To Net: NetName=DP0 Pin=U4-6
Added Pin To Net: NetName=DP0 Pin=UPPORT1-3
Added Net: Name=DP0
Added Pin To Net: NetName=DP1 Pin=U1-5
Added Pin To Net: NetName=DP1 Pin=U2-4
Added Pin To Net: NetName=DP1 Pin=U3-63
Added Net: Name=DP1
Added Pin To Net: NetName=DP2 Pin=U3-25
Added Pin To Net: NetName=DP2 Pin=U5-5
Added Net: Name=DP2
Added Pin To Net: NetName=DVDD12_1 Pin=C11-2
Added Pin To Net: NetName=DVDD12_1 Pin=C12-2
Added Pin To Net: NetName=DVDD12_1 Pin=C18-2
Added Pin To Net: NetName=DVDD12_1 Pin=C19-2
Added Pin To Net: NetName=DVDD12_1 Pin=C20-2
Added Pin To Net: NetName=DVDD12_1 Pin=FB3-1
Added Pin To Net: NetName=DVDD12_1 Pin=U3-28
Added Pin To Net: NetName=DVDD12_1 Pin=U3-39
Added Pin To Net: NetName=DVDD12_1 Pin=U3-47
Added Net: Name=DVDD12_1
Added Pin To Net: NetName=GND Pin=C1-1
Added Pin To Net: NetName=GND Pin=C2-1
Added Pin To Net: NetName=GND Pin=C3-2
Added Pin To Net: NetName=GND Pin=C4-1
Added Pin To Net: NetName=GND Pin=C5-1
Added Pin To Net: NetName=GND Pin=C6-1
Added Pin To Net: NetName=GND Pin=C7-2
Added Pin To Net: NetName=GND Pin=C9-2
Added Pin To Net: NetName=GND Pin=C11-1
Added Pin To Net: NetName=GND Pin=C12-1
Added Pin To Net: NetName=GND Pin=C13-1
Added Pin To Net: NetName=GND Pin=C14-2
Added Pin To Net: NetName=GND Pin=C15-1
Added Pin To Net: NetName=GND Pin=C16-1
Added Pin To Net: NetName=GND Pin=C17-1
Added Pin To Net: NetName=GND Pin=C18-1
Added Pin To Net: NetName=GND Pin=C19-1
Added Pin To Net: NetName=GND Pin=C20-1
Added Pin To Net: NetName=GND Pin=C21-1
Added Pin To Net: NetName=GND Pin=C22-1
Added Pin To Net: NetName=GND Pin=C23-1
Added Pin To Net: NetName=GND Pin=C24-1
Added Pin To Net: NetName=GND Pin=C25-1
Added Pin To Net: NetName=GND Pin=C26-1
Added Pin To Net: NetName=GND Pin=C27-1
Added Pin To Net: NetName=GND Pin=C28-1
Added Pin To Net: NetName=GND Pin=C29-1
Added Pin To Net: NetName=GND Pin=C30-1
Added Pin To Net: NetName=GND Pin=C31-1
Added Pin To Net: NetName=GND Pin=C32-1
Added Pin To Net: NetName=GND Pin=C33-1
Added Pin To Net: NetName=GND Pin=C34-2
Added Pin To Net: NetName=GND Pin=C35-2
Added Pin To Net: NetName=GND Pin=C36-2
Added Pin To Net: NetName=GND Pin=C37-2
Added Pin To Net: NetName=GND Pin=C38-2
Added Pin To Net: NetName=GND Pin=J1-G
Added Pin To Net: NetName=GND Pin=J1-G
Added Pin To Net: NetName=GND Pin=R2-2
Added Pin To Net: NetName=GND Pin=R3-2
Added Pin To Net: NetName=GND Pin=R5-2
Added Pin To Net: NetName=GND Pin=R6-2
Added Pin To Net: NetName=GND Pin=R9-2
Added Pin To Net: NetName=GND Pin=R11-1
Added Pin To Net: NetName=GND Pin=U1-7
Added Pin To Net: NetName=GND Pin=U2-3
Added Pin To Net: NetName=GND Pin=U3-40
Added Pin To Net: NetName=GND Pin=U4-7
Added Pin To Net: NetName=GND Pin=U5-7
Added Pin To Net: NetName=GND Pin=U6-1
Added Pin To Net: NetName=GND Pin=U7-10
Added Pin To Net: NetName=GND Pin=U7-12
Added Pin To Net: NetName=GND Pin=U7-13
Added Pin To Net: NetName=GND Pin=U7-24
Added Pin To Net: NetName=GND Pin=UPPORT1-4
Added Pin To Net: NetName=GND Pin=UPPORT1-7
Added Pin To Net: NetName=GND Pin=X1-2
Added Pin To Net: NetName=GND Pin=X1-4
Added Net: Name=GND
Added Pin To Net: NetName=GREEN1 Pin=LED1-K
Added Pin To Net: NetName=GREEN1 Pin=U3-74
Added Net: Name=GREEN1
Added Pin To Net: NetName=GREEN2 Pin=LED3-K
Added Pin To Net: NetName=GREEN2 Pin=U3-29
Added Net: Name=GREEN2
Added Pin To Net: NetName=NetC16_2 Pin=C16-2
Added Pin To Net: NetName=NetC16_2 Pin=C17-2
Added Pin To Net: NetName=NetC16_2 Pin=FB2-2
Added Pin To Net: NetName=NetC16_2 Pin=U6-3
Added Net: Name=NetC16_2
Added Pin To Net: NetName=NetC38_1 Pin=C38-1
Added Pin To Net: NetName=NetC38_1 Pin=R12-2
Added Pin To Net: NetName=NetC38_1 Pin=R13-2
Added Pin To Net: NetName=NetC38_1 Pin=R14-1
Added Net: Name=NetC38_1
Added Pin To Net: NetName=NetFB1_2 Pin=FB1-2
Added Pin To Net: NetName=NetFB1_2 Pin=UPPORT1-1
Added Net: Name=NetFB1_2
Added Pin To Net: NetName=NetJ1_S Pin=J1-S
Added Pin To Net: NetName=NetJ1_S Pin=L2-2
Added Pin To Net: NetName=NetJ1_S Pin=U7-11
Added Net: Name=NetJ1_S
Added Pin To Net: NetName=NetLED1_A Pin=LED1-A
Added Pin To Net: NetName=NetLED1_A Pin=LED2-A
Added Pin To Net: NetName=NetLED1_A Pin=R5-1
Added Net: Name=NetLED1_A
Added Pin To Net: NetName=NetLED3_A Pin=LED3-A
Added Pin To Net: NetName=NetLED3_A Pin=LED4-A
Added Pin To Net: NetName=NetLED3_A Pin=R6-1
Added Net: Name=NetLED3_A
Added Pin To Net: NetName=NetR4_2 Pin=R4-2
Added Pin To Net: NetName=NetR4_2 Pin=U3-45
Added Net: Name=NetR4_2
Added Pin To Net: NetName=NetR12_1 Pin=R12-1
Added Pin To Net: NetName=NetR12_1 Pin=U7-8
Added Net: Name=NetR12_1
Added Pin To Net: NetName=NetR13_1 Pin=R13-1
Added Pin To Net: NetName=NetR13_1 Pin=U7-1
Added Net: Name=NetR13_1
Added Pin To Net: NetName=NetU2_25 Pin=U2-25
Added Pin To Net: NetName=NetU2_25 Pin=U7-21
Added Net: Name=NetU2_25
Added Pin To Net: NetName=NetU2_26 Pin=U2-26
Added Pin To Net: NetName=NetU2_26 Pin=U7-20
Added Net: Name=NetU2_26
Added Pin To Net: NetName=PGANG Pin=R2-1
Added Pin To Net: NetName=PGANG Pin=U3-53
Added Net: Name=PGANG
Added Pin To Net: NetName=RESET Pin=C9-1
Added Pin To Net: NetName=RESET Pin=R8-2
Added Pin To Net: NetName=RESET Pin=R9-1
Added Pin To Net: NetName=RESET Pin=U3-48
Added Net: Name=RESET
Added Pin To Net: NetName=RST1 Pin=U2-9
Added Net: Name=RST1
Added Pin To Net: NetName=RTERM Pin=R3-1
Added Pin To Net: NetName=RTERM Pin=U3-46
Added Net: Name=RTERM
Added Pin To Net: NetName=RXN_DS2 Pin=U5-2
Added Net: Name=RXN_DS2
Added Pin To Net: NetName=RXN_UP Pin=U4-3
Added Pin To Net: NetName=RXN_UP Pin=UPPORT1-8
Added Net: Name=RXN_UP
Added Pin To Net: NetName=RXP_DS2 Pin=U5-1
Added Net: Name=RXP_DS2
Added Pin To Net: NetName=RXP_UP Pin=U4-4
Added Pin To Net: NetName=RXP_UP Pin=UPPORT1-9
Added Net: Name=RXP_UP
Added Pin To Net: NetName=SW Pin=U3-41
Added Net: Name=SW
Added Pin To Net: NetName=TXN_UP Pin=C8-1
Added Net: Name=TXN_UP
Added Pin To Net: NetName=TXNE_DS2 Pin=U5-4
Added Net: Name=TXNE_DS2
Added Pin To Net: NetName=TXNE_UP Pin=C8-2
Added Pin To Net: NetName=TXNE_UP Pin=U4-1
Added Pin To Net: NetName=TXNE_UP Pin=UPPORT1-5
Added Net: Name=TXNE_UP
Added Pin To Net: NetName=TXP_UP Pin=C10-1
Added Net: Name=TXP_UP
Added Pin To Net: NetName=TXPE_DS2 Pin=U5-3
Added Net: Name=TXPE_DS2
Added Pin To Net: NetName=TXPE_UP Pin=C10-2
Added Pin To Net: NetName=TXPE_UP Pin=U4-2
Added Pin To Net: NetName=TXPE_UP Pin=UPPORT1-6
Added Net: Name=TXPE_UP
Added Pin To Net: NetName=V33 Pin=C34-1
Added Pin To Net: NetName=V33 Pin=C35-1
Added Pin To Net: NetName=V33 Pin=C36-1
Added Pin To Net: NetName=V33 Pin=C37-1
Added Pin To Net: NetName=V33 Pin=L2-1
Added Pin To Net: NetName=V33 Pin=R4-1
Added Pin To Net: NetName=V33 Pin=R14-2
Added Pin To Net: NetName=V33 Pin=U6-2
Added Pin To Net: NetName=V33 Pin=U6-2
Added Pin To Net: NetName=V33 Pin=U7-23
Added Net: Name=V33
Added Pin To Net: NetName=VBUS_IN Pin=R10-1
Added Pin To Net: NetName=VBUS_IN Pin=R11-2
Added Pin To Net: NetName=VBUS_IN Pin=U3-54
Added Net: Name=VBUS_IN
Added Pin To Net: NetName=VBUS Pin=C2-2
Added Pin To Net: NetName=VBUS Pin=C3-1
Added Pin To Net: NetName=VBUS Pin=C4-2
Added Pin To Net: NetName=VBUS Pin=C5-2
Added Pin To Net: NetName=VBUS Pin=C6-2
Added Pin To Net: NetName=VBUS Pin=C7-1
Added Pin To Net: NetName=VBUS Pin=C15-2
Added Pin To Net: NetName=VBUS Pin=FB1-1
Added Pin To Net: NetName=VBUS Pin=FB2-1
Added Pin To Net: NetName=VBUS Pin=R8-1
Added Pin To Net: NetName=VBUS Pin=R10-2
Added Pin To Net: NetName=VBUS Pin=U1-8
Added Pin To Net: NetName=VBUS Pin=U2-7
Added Pin To Net: NetName=VBUS Pin=U2-8
Added Pin To Net: NetName=VBUS Pin=U3-42
Added Pin To Net: NetName=VBUS Pin=U3-43
Added Pin To Net: NetName=VBUS Pin=U4-8
Added Pin To Net: NetName=VBUS Pin=U5-8
Added Net: Name=VBUS
Added Pin To Net: NetName=VP12_01 Pin=C21-2
Added Pin To Net: NetName=VP12_01 Pin=C23-2
Added Pin To Net: NetName=VP12_01 Pin=C24-2
Added Pin To Net: NetName=VP12_01 Pin=C25-2
Added Pin To Net: NetName=VP12_01 Pin=C26-2
Added Pin To Net: NetName=VP12_01 Pin=C27-2
Added Pin To Net: NetName=VP12_01 Pin=C28-2
Added Pin To Net: NetName=VP12_01 Pin=FB3-2
Added Pin To Net: NetName=VP12_01 Pin=U3-4
Added Pin To Net: NetName=VP12_01 Pin=U3-7
Added Pin To Net: NetName=VP12_01 Pin=U3-17
Added Pin To Net: NetName=VP12_01 Pin=U3-22
Added Pin To Net: NetName=VP12_01 Pin=U3-60
Added Pin To Net: NetName=VP12_01 Pin=U3-70
Added Net: Name=VP12_01
Added Pin To Net: NetName=X1 Pin=C13-2
Added Pin To Net: NetName=X1 Pin=R7-2
Added Pin To Net: NetName=X1 Pin=U3-57
Added Pin To Net: NetName=X1 Pin=X1-3
Added Net: Name=X1
Added Pin To Net: NetName=X2 Pin=C14-1
Added Pin To Net: NetName=X2 Pin=R7-1
Added Pin To Net: NetName=X2 Pin=U3-56
Added Pin To Net: NetName=X2 Pin=X1-1
Added Net: Name=X2
Added Class: Name=CP2102
Added Class: Name=GL3523
Added Class: Name=UM220 NEO-M8
Added Room: Name=CP2102
Added Room: Name=GL3523
Added Room: Name=UM220 NEO-M8
